This is pdfTeX, Version 3.1415926-2.5-1.40.14 (MiKTeX 2.9) (preloaded format=pdflatex 2015.6.20)  3 MAY 2017 14:08
entering extended mode
**C:/Users/Mohamed*Saeed/Desktop/Folders/Masters*(ISI*Programme*in*Linz)/Thesis
*Template/MasterThesisProject-AT/MasterThesisProject-AT/Cover/coversheet.tex

("C:/Users/Mohamed Saeed/Desktop/Folders/Masters (ISI Programme in Linz)/Thesis
 Template/MasterThesisProject-AT/MasterThesisProject-AT/Cover/coversheet.tex"
LaTeX2e <2011/06/27>
Babel <v3.8m> and hyphenation patterns for english, afrikaans, ancientgreek, ar
abic, armenian, assamese, basque, bengali, bokmal, bulgarian, catalan, coptic, 
croatian, czech, danish, dutch, esperanto, estonian, farsi, finnish, french, ga
lician, german, german-x-2013-05-26, greek, gujarati, hindi, hungarian, iceland
ic, indonesian, interlingua, irish, italian, kannada, kurmanji, latin, latvian,
 lithuanian, malayalam, marathi, mongolian, mongolianlmc, monogreek, ngerman, n
german-x-2013-05-26, nynorsk, oriya, panjabi, pinyin, polish, portuguese, roman
ian, russian, sanskrit, serbian, slovak, slovenian, spanish, swedish, swissgerm
an, tamil, telugu, turkish, turkmen, ukenglish, ukrainian, uppersorbian, usengl
ishmax, welsh, loaded.
! Undefined control sequence.
<argument> \includegraphics 
                            [width=5.2cm]{jku_en}
l.116 ...5){\includegraphics[width=5.2cm]{jku_en}}
                                                  
? 
! Emergency stop.
<argument> \includegraphics 
                            [width=5.2cm]{jku_en}
l.116 ...5){\includegraphics[width=5.2cm]{jku_en}}
                                                  
End of file on the terminal!

 
Here is how much of TeX's memory you used:
 32 strings out of 493921
 937 string characters out of 3144852
 49031 words of memory out of 3000000
 3424 multiletter control sequences out of 15000+200000
 3945 words of font info for 15 fonts, out of 3000000 for 9000
 841 hyphenation exceptions out of 8191
 12i,2n,9p,300b,38s stack positions out of 5000i,500n,10000p,200000b,50000s
!  ==> Fatal error occurred, no output PDF file produced!
