This is pdfTeX, Version 3.14159265-2.6-1.40.17 (TeX Live 2016) (preloaded format=pdflatex 2017.6.9)  11 JUN 2017 06:33
entering extended mode
 restricted \write18 enabled.
 %&-line parsing enabled.
**MasterThesisAT.tex
(./MasterThesisAT.tex
LaTeX2e <2016/03/31>
Babel <3.9r> and hyphenation patterns for 83 language(s) loaded.
(./Structure/header.tex
(/usr/local/texlive/2016/texmf-dist/tex/latex/koma-script/scrreprt.cls
Document Class: scrreprt 2016/05/10 v3.20 KOMA-Script document class (report)
(/usr/local/texlive/2016/texmf-dist/tex/latex/koma-script/scrkbase.sty
Package: scrkbase 2016/05/10 v3.20 KOMA-Script package (KOMA-Script-dependent b
asics and keyval usage)

(/usr/local/texlive/2016/texmf-dist/tex/latex/koma-script/scrbase.sty
Package: scrbase 2016/05/10 v3.20 KOMA-Script package (KOMA-Script-independent 
basics and keyval usage)

(/usr/local/texlive/2016/texmf-dist/tex/latex/graphics/keyval.sty
Package: keyval 2014/10/28 v1.15 key=value parser (DPC)
\KV@toks@=\toks14
)
(/usr/local/texlive/2016/texmf-dist/tex/latex/koma-script/scrlfile.sty
Package: scrlfile 2016/05/10 v3.20 KOMA-Script package (loading files)

Package scrlfile, 2016/05/10 v3.20 KOMA-Script package (loading files)
                  Copyright (C) Markus Kohm

))) (/usr/local/texlive/2016/texmf-dist/tex/latex/koma-script/tocbasic.sty
Package: tocbasic 2016/05/10 v3.20 KOMA-Script package (handling toc-files)
\scr@dte@tocline@numberwidth=\skip41
\scr@dte@tocline@numbox=\box26
)
Package tocbasic Info: omitting babel extension for `toc'
(tocbasic)             because of feature `nobabel' available
(tocbasic)             for `toc' on input line 132.
Package tocbasic Info: omitting babel extension for `lof'
(tocbasic)             because of feature `nobabel' available
(tocbasic)             for `lof' on input line 133.
Package tocbasic Info: omitting babel extension for `lot'
(tocbasic)             because of feature `nobabel' available
(tocbasic)             for `lot' on input line 134.
Package tocbasic Info: defining new hook before heading of `' on input line 160
5.
Package scrreprt Info: You've used standard option `11pt'.
(scrreprt)             This is correct!
(scrreprt)             Internally I'm using `fontsize=11pt'.
(scrreprt)             If you'd like to set the option with \KOMAoptions,
(scrreprt)             you'd have to use `fontsize=11pt' there
(scrreprt)             instead of `11pt', too.


Class scrreprt Warning: You've used obsolete option `pointlessnumbers'.
(scrreprt)              Usage of this option indicates an old document
(scrreprt)              and changes compatibility level using
(scrreprt)              `numbers=noenddot,version=first,
(scrreprt)              enabledeprecatedfontcommands' that may result
(scrreprt)              in further warnings.
(scrreprt)              If you don't want this, you should simply
(scrreprt)              replace option `pointlessnumbers' by `numbers=noenddot'
.

Class scrreprt Info: Switching compatibility level to `first'.

Class scrreprt Warning: deprecated option `enabledeprecatedfontcommands'.
(scrreprt)              Note, that this option was already depreacted when
(scrreprt)              it has been defined. Support for old font commands
(scrreprt)              has been removed from KOMA-Script more than one
(scrreprt)              decade ago. It is not recommended to use them any
(scrreprt)              longer. Therefore usage of this class option also
(scrreprt)              is not recommended.


Class scrreprt Warning: You've used obsolete option `bibtotoc'.
(scrreprt)              Usage of this option indicates an old document
(scrreprt)              and changes compatibility level using
(scrreprt)              `bibliography=totoc,version=first,
(scrreprt)              enabledeprecatedfontcommands' that may result
(scrreprt)              in further warnings.
(scrreprt)              If you don't want this, you should simply
(scrreprt)              replace option `bibtotoc' by `bibliography=totoc'.

Class scrreprt Info: Switching compatibility level to `first'.

Class scrreprt Warning: deprecated option `enabledeprecatedfontcommands'.
(scrreprt)              Note, that this option was already depreacted when
(scrreprt)              it has been defined. Support for old font commands
(scrreprt)              has been removed from KOMA-Script more than one
(scrreprt)              decade ago. It is not recommended to use them any
(scrreprt)              longer. Therefore usage of this class option also
(scrreprt)              is not recommended.

Class scrreprt Info: File `scrsize11pt.clo' used to setup font sizes on input l
ine 2265.
(/usr/local/texlive/2016/texmf-dist/tex/latex/koma-script/scrsize11pt.clo
File: scrsize11pt.clo 2016/05/10 v3.20 KOMA-Script font size class option (11pt
)
)
(/usr/local/texlive/2016/texmf-dist/tex/latex/koma-script/typearea.sty
Package: typearea 2016/05/10 v3.20 KOMA-Script package (type area)

Package typearea, 2016/05/10 v3.20 KOMA-Script package (type area)
                  Copyright (C) Frank Neukam, 1992-1994
                  Copyright (C) Markus Kohm, 1994-

\ta@bcor=\skip42
\ta@div=\count79
Package typearea Info: You've used standard option `a4paper'.
(typearea)             This is correct!
(typearea)             Internally I'm using `paper=a4'.
(typearea)             If you'd like to set the option with \KOMAoptions,
(typearea)             you'd have to use `paper=a4' there
(typearea)             instead of `a4paper', too.
Package typearea Info: You've used standard option `pdftex'.
(typearea)             This is correct!
(typearea)             Internally I'm using `pagesize=pdftex'.
(typearea)             If you'd like to set the option with \KOMAoptions,
(typearea)             you'd have to use `pagesize=pdftex' there
(typearea)             instead of `pdftex', too.
\ta@hblk=\skip43
\ta@vblk=\skip44
\ta@temp=\skip45
\footheight=\skip46
Package typearea Info: These are the values describing the layout:
(typearea)             DIV  = 10
(typearea)             BCOR = 0.0pt
(typearea)             \paperwidth      = 597.50793pt
(typearea)              \textwidth      = 418.25555pt
(typearea)              DIV departure   = -6%
(typearea)              \evensidemargin = 17.3562pt
(typearea)              \oddsidemargin  = 17.3562pt
(typearea)             \paperheight     = 845.04694pt
(typearea)              \textheight     = 555.00024pt
(typearea)              \topmargin      = 12.2347pt
(typearea)              \headheight     = 17.0pt
(typearea)              \headsep        = 20.40001pt
(typearea)              \topskip        = 11.0pt
(typearea)              \footskip       = 47.6pt
(typearea)              \baselineskip   = 13.6pt
(typearea)              on input line 1528.
)
\c@part=\count80
\c@chapter=\count81
\c@section=\count82
\c@subsection=\count83
\c@subsubsection=\count84
\c@paragraph=\count85
\c@subparagraph=\count86
\scr@dte@part@maxnumwidth=\skip47
\scr@dte@chapter@maxnumwidth=\skip48
\scr@dte@section@maxnumwidth=\skip49
\scr@dte@subsection@maxnumwidth=\skip50
\scr@dte@subsubsection@maxnumwidth=\skip51
\scr@dte@paragraph@maxnumwidth=\skip52
\scr@dte@subparagraph@maxnumwidth=\skip53
LaTeX Info: Redefining \textsubscript on input line 4769.
\abovecaptionskip=\skip54
\belowcaptionskip=\skip55
\c@pti@nb@sid@b@x=\box27
\c@figure=\count87
\c@table=\count88
Class scrreprt Info: Redefining `\numberline' on input line 5764.
\bibindent=\dimen102
) (/usr/local/texlive/2016/texmf-dist/tex/latex/amsfonts/amssymb.sty
Package: amssymb 2013/01/14 v3.01 AMS font symbols

(/usr/local/texlive/2016/texmf-dist/tex/latex/amsfonts/amsfonts.sty
Package: amsfonts 2013/01/14 v3.01 Basic AMSFonts support
\@emptytoks=\toks15
\symAMSa=\mathgroup4
\symAMSb=\mathgroup5
LaTeX Font Info:    Overwriting math alphabet `\mathfrak' in version `bold'
(Font)                  U/euf/m/n --> U/euf/b/n on input line 106.
))
(/usr/local/texlive/2016/texmf-dist/tex/latex/amsmath/amsmath.sty
Package: amsmath 2016/03/10 v2.15b AMS math features
\@mathmargin=\skip56

For additional information on amsmath, use the `?' option.
(/usr/local/texlive/2016/texmf-dist/tex/latex/amsmath/amstext.sty
Package: amstext 2000/06/29 v2.01 AMS text

(/usr/local/texlive/2016/texmf-dist/tex/latex/amsmath/amsgen.sty
File: amsgen.sty 1999/11/30 v2.0 generic functions
\@emptytoks=\toks16
\ex@=\dimen103
))
(/usr/local/texlive/2016/texmf-dist/tex/latex/amsmath/amsbsy.sty
Package: amsbsy 1999/11/29 v1.2d Bold Symbols
\pmbraise@=\dimen104
)
(/usr/local/texlive/2016/texmf-dist/tex/latex/amsmath/amsopn.sty
Package: amsopn 2016/03/08 v2.02 operator names
)
\inf@bad=\count89
LaTeX Info: Redefining \frac on input line 199.
\uproot@=\count90
\leftroot@=\count91
LaTeX Info: Redefining \overline on input line 297.
\classnum@=\count92
\DOTSCASE@=\count93
LaTeX Info: Redefining \ldots on input line 394.
LaTeX Info: Redefining \dots on input line 397.
LaTeX Info: Redefining \cdots on input line 518.
\Mathstrutbox@=\box28
\strutbox@=\box29
\big@size=\dimen105
LaTeX Font Info:    Redeclaring font encoding OML on input line 634.
LaTeX Font Info:    Redeclaring font encoding OMS on input line 635.
\macc@depth=\count94
\c@MaxMatrixCols=\count95
\dotsspace@=\muskip10
\c@parentequation=\count96
\dspbrk@lvl=\count97
\tag@help=\toks17
\row@=\count98
\column@=\count99
\maxfields@=\count100
\andhelp@=\toks18
\eqnshift@=\dimen106
\alignsep@=\dimen107
\tagshift@=\dimen108
\tagwidth@=\dimen109
\totwidth@=\dimen110
\lineht@=\dimen111
\@envbody=\toks19
\multlinegap=\skip57
\multlinetaggap=\skip58
\mathdisplay@stack=\toks20
LaTeX Info: Redefining \[ on input line 2739.
LaTeX Info: Redefining \] on input line 2740.
)
(/usr/local/texlive/2016/texmf-dist/tex/latex/setspace/setspace.sty
Package: setspace 2011/12/19 v6.7a set line spacing
)
(/usr/local/texlive/2016/texmf-dist/tex/latex/multirow/multirow.sty
\bigstrutjot=\dimen112
)
(/usr/local/texlive/2016/texmf-dist/tex/latex/graphics/graphicx.sty
Package: graphicx 2014/10/28 v1.0g Enhanced LaTeX Graphics (DPC,SPQR)

(/usr/local/texlive/2016/texmf-dist/tex/latex/graphics/graphics.sty
Package: graphics 2016/05/09 v1.0r Standard LaTeX Graphics (DPC,SPQR)

(/usr/local/texlive/2016/texmf-dist/tex/latex/graphics/trig.sty
Package: trig 2016/01/03 v1.10 sin cos tan (DPC)
)
(/usr/local/texlive/2016/texmf-dist/tex/latex/graphics-cfg/graphics.cfg
File: graphics.cfg 2016/01/02 v1.10 sample graphics configuration
)
Package graphics Info: Driver file: pdftex.def on input line 96.

(/usr/local/texlive/2016/texmf-dist/tex/latex/pdftex-def/pdftex.def
File: pdftex.def 2011/05/27 v0.06d Graphics/color for pdfTeX

(/usr/local/texlive/2016/texmf-dist/tex/generic/oberdiek/infwarerr.sty
Package: infwarerr 2016/05/16 v1.4 Providing info/warning/error messages (HO)
)
(/usr/local/texlive/2016/texmf-dist/tex/generic/oberdiek/ltxcmds.sty
Package: ltxcmds 2016/05/16 v1.23 LaTeX kernel commands for general use (HO)
)
\Gread@gobject=\count101
))
\Gin@req@height=\dimen113
\Gin@req@width=\dimen114
)
(/usr/local/texlive/2016/texmf-dist/tex/latex/graphics/color.sty
Package: color 2016/05/09 v1.1c Standard LaTeX Color (DPC)

(/usr/local/texlive/2016/texmf-dist/tex/latex/graphics-cfg/color.cfg
File: color.cfg 2016/01/02 v1.6 sample color configuration
)
Package color Info: Driver file: pdftex.def on input line 144.
)
(/usr/local/texlive/2016/texmf-dist/tex/latex/pdfpages/pdfpages.sty
Package: pdfpages 2016/04/19 v0.5f Insert pages of external PDF documents (AM)

(/usr/local/texlive/2016/texmf-dist/tex/latex/base/ifthen.sty
Package: ifthen 2014/09/29 v1.1c Standard LaTeX ifthen package (DPC)
)
(/usr/local/texlive/2016/texmf-dist/tex/latex/tools/calc.sty
Package: calc 2014/10/28 v4.3 Infix arithmetic (KKT,FJ)
\calc@Acount=\count102
\calc@Bcount=\count103
\calc@Adimen=\dimen115
\calc@Bdimen=\dimen116
\calc@Askip=\skip59
\calc@Bskip=\skip60
LaTeX Info: Redefining \setlength on input line 80.
LaTeX Info: Redefining \addtolength on input line 81.
\calc@Ccount=\count104
\calc@Cskip=\skip61
)
(/usr/local/texlive/2016/texmf-dist/tex/latex/eso-pic/eso-pic.sty
Package: eso-pic 2015/07/21 v2.0g eso-pic (RN)

(/usr/local/texlive/2016/texmf-dist/tex/generic/oberdiek/atbegshi.sty
Package: atbegshi 2016/05/16 v1.17 At begin shipout hook (HO)

(/usr/local/texlive/2016/texmf-dist/tex/generic/oberdiek/ifpdf.sty
Package: ifpdf 2016/05/14 v3.1 Provides the ifpdf switch
)))
\AM@pagewidth=\dimen117
\AM@pageheight=\dimen118

(/usr/local/texlive/2016/texmf-dist/tex/latex/pdfpages/pppdftex.def
File: pppdftex.def 2016/04/19 v0.5f Pdfpages driver for pdfTeX (AM)
)
\AM@pagebox=\box30
\AM@global@opts=\toks21
\AM@toc@title=\toks22
\c@AM@survey=\count105
\AM@templatesizebox=\box31
)
(/usr/local/texlive/2016/texmf-dist/tex/latex/hyperref/hyperref.sty
Package: hyperref 2016/05/05 v6.83n Hypertext links for LaTeX

(/usr/local/texlive/2016/texmf-dist/tex/generic/oberdiek/hobsub-hyperref.sty
Package: hobsub-hyperref 2016/05/16 v1.14 Bundle oberdiek, subset hyperref (HO)


(/usr/local/texlive/2016/texmf-dist/tex/generic/oberdiek/hobsub-generic.sty
Package: hobsub-generic 2016/05/16 v1.14 Bundle oberdiek, subset generic (HO)
Package: hobsub 2016/05/16 v1.14 Construct package bundles (HO)
Package hobsub Info: Skipping package `infwarerr' (already loaded).
Package hobsub Info: Skipping package `ltxcmds' (already loaded).
Package: ifluatex 2016/05/16 v1.4 Provides the ifluatex switch (HO)
Package ifluatex Info: LuaTeX not detected.
Package: ifvtex 2016/05/16 v1.6 Detect VTeX and its facilities (HO)
Package ifvtex Info: VTeX not detected.
Package: intcalc 2016/05/16 v1.2 Expandable calculations with integers (HO)
Package hobsub Info: Skipping package `ifpdf' (already loaded).
Package: etexcmds 2016/05/16 v1.6 Avoid name clashes with e-TeX commands (HO)
Package etexcmds Info: Could not find \expanded.
(etexcmds)             That can mean that you are not using pdfTeX 1.50 or
(etexcmds)             that some package has redefined \expanded.
(etexcmds)             In the latter case, load this package earlier.
Package: kvsetkeys 2016/05/16 v1.17 Key value parser (HO)
Package: kvdefinekeys 2016/05/16 v1.4 Define keys (HO)
Package: pdftexcmds 2016/05/10 v0.21 Utility functions of pdfTeX for LuaTeX (HO
)
Package pdftexcmds Info: LuaTeX not detected.
Package pdftexcmds Info: \pdf@primitive is available.
Package pdftexcmds Info: \pdf@ifprimitive is available.
Package pdftexcmds Info: \pdfdraftmode found.
Package: pdfescape 2016/05/16 v1.14 Implements pdfTeX's escape features (HO)
Package: bigintcalc 2016/05/16 v1.4 Expandable calculations on big integers (HO
)
Package: bitset 2016/05/16 v1.2 Handle bit-vector datatype (HO)
Package: uniquecounter 2016/05/16 v1.3 Provide unlimited unique counter (HO)
)
Package hobsub Info: Skipping package `hobsub' (already loaded).
Package: letltxmacro 2016/05/16 v1.5 Let assignment for LaTeX macros (HO)
Package: hopatch 2016/05/16 v1.3 Wrapper for package hooks (HO)
Package: xcolor-patch 2016/05/16 xcolor patch
Package: atveryend 2016/05/16 v1.9 Hooks at the very end of document (HO)
Package atveryend Info: \enddocument detected (standard20110627).
Package hobsub Info: Skipping package `atbegshi' (already loaded).
Package: refcount 2016/05/16 v3.5 Data extraction from label references (HO)
Package: hycolor 2016/05/16 v1.8 Color options for hyperref/bookmark (HO)
)
(/usr/local/texlive/2016/texmf-dist/tex/generic/ifxetex/ifxetex.sty
Package: ifxetex 2010/09/12 v0.6 Provides ifxetex conditional
)
(/usr/local/texlive/2016/texmf-dist/tex/latex/oberdiek/auxhook.sty
Package: auxhook 2016/05/16 v1.4 Hooks for auxiliary files (HO)
)
(/usr/local/texlive/2016/texmf-dist/tex/latex/oberdiek/kvoptions.sty
Package: kvoptions 2016/05/16 v3.12 Key value format for package options (HO)
)
\@linkdim=\dimen119
\Hy@linkcounter=\count106
\Hy@pagecounter=\count107

(/usr/local/texlive/2016/texmf-dist/tex/latex/hyperref/pd1enc.def
File: pd1enc.def 2016/05/05 v6.83n Hyperref: PDFDocEncoding definition (HO)
)
\Hy@SavedSpaceFactor=\count108

(/usr/local/texlive/2016/texmf-dist/tex/latex/latexconfig/hyperref.cfg
File: hyperref.cfg 2002/06/06 v1.2 hyperref configuration of TeXLive
)
Package hyperref Info: Option `colorlinks' set `true' on input line 4322.


Package hyperref Warning: Option `pagecolor' is not available anymore.

Package hyperref Info: Option `breaklinks' set `true' on input line 4322.
Package hyperref Info: Option `bookmarksnumbered' set `true' on input line 4322
.
Package hyperref Info: Option `hypertexnames' set `false' on input line 4322.
Package hyperref Info: Option `plainpages' set `false' on input line 4322.
Package hyperref Info: Option `pdfpagelabels' set `true' on input line 4322.
Package hyperref Info: Option `bookmarks' set `true' on input line 4322.
Package hyperref Info: Option `linktocpage' set `true' on input line 4322.
Package hyperref Info: Hyper figures OFF on input line 4446.
Package hyperref Info: Link nesting OFF on input line 4451.
Package hyperref Info: Hyper index ON on input line 4454.
Package hyperref Info: Plain pages OFF on input line 4461.
Package hyperref Info: Backreferencing OFF on input line 4466.
Package hyperref Info: Implicit mode ON; LaTeX internals redefined.
Package hyperref Info: Bookmarks ON on input line 4691.
\c@Hy@tempcnt=\count109
(/usr/local/texlive/2016/texmf-dist/tex/latex/url/url.sty
\Urlmuskip=\muskip11
Package: url 2013/09/16  ver 3.4  Verb mode for urls, etc.
)
LaTeX Info: Redefining \url on input line 5044.
\XeTeXLinkMargin=\dimen120
\Fld@menulength=\count110
\Field@Width=\dimen121
\Fld@charsize=\dimen122
Package hyperref Info: Hyper figures OFF on input line 6298.
Package hyperref Info: Link nesting OFF on input line 6303.
Package hyperref Info: Hyper index ON on input line 6306.
Package hyperref Info: backreferencing OFF on input line 6313.
Package hyperref Info: Link coloring ON on input line 6316.
Package hyperref Info: Link coloring with OCG OFF on input line 6323.
Package hyperref Info: PDF/A mode OFF on input line 6328.
LaTeX Info: Redefining \ref on input line 6368.
LaTeX Info: Redefining \pageref on input line 6372.
\Hy@abspage=\count111
\c@Item=\count112
\c@Hfootnote=\count113
)

Package hyperref Message: Driver: hpdftex.

(/usr/local/texlive/2016/texmf-dist/tex/latex/hyperref/hpdftex.def
File: hpdftex.def 2016/05/05 v6.83n Hyperref driver for pdfTeX
\Fld@listcount=\count114
\c@bookmark@seq@number=\count115

(/usr/local/texlive/2016/texmf-dist/tex/latex/oberdiek/rerunfilecheck.sty
Package: rerunfilecheck 2016/05/16 v1.8 Rerun checks for auxiliary files (HO)
Package uniquecounter Info: New unique counter `rerunfilecheck' on input line 2
82.
)
\Hy@SectionHShift=\skip62
)
(/usr/local/texlive/2016/texmf-dist/tex/latex/listings/listings.sty
\lst@mode=\count116
\lst@gtempboxa=\box32
\lst@token=\toks23
\lst@length=\count117
\lst@currlwidth=\dimen123
\lst@column=\count118
\lst@pos=\count119
\lst@lostspace=\dimen124
\lst@width=\dimen125
\lst@newlines=\count120
\lst@lineno=\count121
\lst@maxwidth=\dimen126

(/usr/local/texlive/2016/texmf-dist/tex/latex/listings/lstmisc.sty
File: lstmisc.sty 2015/06/04 1.6 (Carsten Heinz)
\c@lstnumber=\count122
\lst@skipnumbers=\count123
\lst@framebox=\box33
)
(/usr/local/texlive/2016/texmf-dist/tex/latex/listings/listings.cfg
File: listings.cfg 2015/06/04 1.6 listings configuration
))
Package: listings 2015/06/04 1.6 (Carsten Heinz)

(/usr/local/texlive/2016/texmf-dist/tex/latex/listings/lstlang1.sty
File: lstlang1.sty 2015/06/04 1.6 listings language file
)
(./chngcntr.sty
Package: chngcntr 2001/03/30 v1.0 change counter resetting
)
(/usr/local/texlive/2016/texmf-dist/tex/latex/subfigure/subfigure.sty
Package: subfigure 2002/03/15 v2.1.5 subfigure package
\subfigtopskip=\skip63
\subfigcapskip=\skip64
\subfigcaptopadj=\dimen127
\subfigbottomskip=\skip65
\subfigcapmargin=\dimen128
\subfiglabelskip=\skip66
\c@subfigure=\count124
\c@lofdepth=\count125
\c@subtable=\count126
\c@lotdepth=\count127

****************************************
* Local config file subfigure.cfg used *
****************************************
(/usr/local/texlive/2016/texmf-dist/tex/latex/subfigure/subfigure.cfg)
\subfig@top=\skip67
\subfig@bottom=\skip68
)
(/usr/local/texlive/2016/texmf-dist/tex/latex/rotating/rotating.sty
Package: rotating 2009/03/28 v2.16a rotated objects in LaTeX
\c@r@tfl@t=\count128
\rotFPtop=\skip69
\rotFPbot=\skip70
\rot@float@box=\box34
\rot@mess@toks=\toks24
)
(/usr/local/texlive/2016/texmf-dist/tex/generic/dvips/rotate.sty
\@rotdimen=\dimen129
\@rotbox=\box35
)
(/usr/local/texlive/2016/texmf-dist/tex/latex/koma-script/scrpage2.sty
Package: scrpage2 2016/05/10 v3.20 KOMA-Script package (page head and foot)
LaTeX Info: Redefining \pagemark on input line 174.
)
(/usr/local/texlive/2016/texmf-dist/tex/latex/tools/array.sty
Package: array 2014/10/28 v2.4c Tabular extension package (FMi)
\col@sep=\dimen130
\extrarowheight=\dimen131
\NC@list=\toks25
\extratabsurround=\skip71
\backup@length=\skip72
)
(/usr/local/texlive/2016/texmf-dist/tex/generic/babel/babel.sty
Package: babel 2016/04/23 3.9r The Babel package

(/usr/local/texlive/2016/texmf-dist/tex/generic/babel-english/english.ldf
Language: english 2012/08/20 v3.3p English support from the babel system

(/usr/local/texlive/2016/texmf-dist/tex/generic/babel/babel.def
File: babel.def 2016/04/23 3.9r Babel common definitions
\babel@savecnt=\count129
\U@D=\dimen132
)
\l@canadian = a dialect from \language\l@american 
\l@australian = a dialect from \language\l@british 
\l@newzealand = a dialect from \language\l@british 
)
(/usr/local/texlive/2016/texmf-dist/tex/generic/babel-german/ngerman.ldf
Language: ngerman 2013/12/13 v2.7 German support for babel (new orthography)

(/usr/local/texlive/2016/texmf-dist/tex/generic/babel-german/ngermanb.ldf
Language: ngermanb 2013/12/13 v2.7 German support for babel (new orthography)
\l@naustrian = a dialect from \language\l@ngerman 
\l@nswissgerman = a dialect from \language\l@ngerman 
Package babel Info: Making " an active character on input line 88.
)))
Package scrkbase Info: You've told me to extend the font selection of the
(scrkbase)             element `sectioning' that is an alias of element
(scrkbase)             `disposition' on input line 157.

(/usr/local/texlive/2016/texmf-dist/tex/latex/base/fontenc.sty
Package: fontenc 2005/09/27 v1.99g Standard LaTeX package

(/usr/local/texlive/2016/texmf-dist/tex/latex/base/t1enc.def
File: t1enc.def 2005/09/27 v1.99g Standard LaTeX file
LaTeX Font Info:    Redeclaring font encoding T1 on input line 48.
))
(/usr/local/texlive/2016/texmf-dist/tex/latex/ae/ae.sty
Package: ae 2001/02/12 1.3 Almost European Computer Modern

(/usr/local/texlive/2016/texmf-dist/tex/latex/base/fontenc.sty
Package: fontenc 2005/09/27 v1.99g Standard LaTeX package

(/usr/local/texlive/2016/texmf-dist/tex/latex/base/t1enc.def
File: t1enc.def 2005/09/27 v1.99g Standard LaTeX file
LaTeX Font Info:    Redeclaring font encoding T1 on input line 48.
)
LaTeX Font Info:    Try loading font information for T1+aer on input line 105.

(/usr/local/texlive/2016/texmf-dist/tex/latex/ae/t1aer.fd
File: t1aer.fd 1997/11/16 Font definitions for T1/aer.
)))
(/usr/local/texlive/2016/texmf-dist/tex/latex/ae/aecompl.sty
Package: aecompl 1998/07/23 0.9 T1 Complements for AE fonts (D. Roegel)
)
(/usr/local/texlive/2016/texmf-dist/tex/latex/algorithms/algorithmic.sty
Package: algorithmic 2009/08/24 v0.1 Document Style `algorithmic'
\c@ALC@unique=\count130
\c@ALC@line=\count131
\c@ALC@rem=\count132
\c@ALC@depth=\count133
\ALC@tlm=\skip73
\algorithmicindent=\skip74
)
(/usr/local/texlive/2016/texmf-dist/tex/latex/algorithms/algorithm.sty
Package: algorithm 2009/08/24 v0.1 Document Style `algorithm' - floating enviro
nment

(/usr/local/texlive/2016/texmf-dist/tex/latex/float/float.sty
Package: float 2001/11/08 v1.3d Float enhancements (AL)
\c@float@type=\count134
\float@exts=\toks26
\float@box=\box36
\@float@everytoks=\toks27
\@floatcapt=\box37
)
\@float@every@algorithm=\toks28
\c@algorithm=\count135
)
(/usr/local/texlive/2016/texmf-dist/tex/latex/booktabs/booktabs.sty
Package: booktabs 2016/04/27 v1.618033 publication quality tables
\heavyrulewidth=\dimen133
\lightrulewidth=\dimen134
\cmidrulewidth=\dimen135
\belowrulesep=\dimen136
\belowbottomsep=\dimen137
\aboverulesep=\dimen138
\abovetopsep=\dimen139
\cmidrulesep=\dimen140
\cmidrulekern=\dimen141
\defaultaddspace=\dimen142
\@cmidla=\count136
\@cmidlb=\count137
\@aboverulesep=\dimen143
\@belowrulesep=\dimen144
\@thisruleclass=\count138
\@lastruleclass=\count139
\@thisrulewidth=\dimen145
)
(/usr/local/texlive/2016/texmf-dist/tex/latex/ucs/ucs.sty
Package: ucs 2013/05/11 v2.2 UCS: Unicode input support

(/usr/local/texlive/2016/texmf-dist/tex/latex/ucs/data/uni-global.def
File: uni-global.def 2013/05/13 UCS: Unicode global data
)
\uc@secondtry=\count140
\uc@combtoks=\toks29
\uc@combtoksb=\toks30
\uc@temptokena=\toks31
)
(/usr/local/texlive/2016/texmf-dist/tex/latex/base/inputenc.sty
Package: inputenc 2015/03/17 v1.2c Input encoding file
\inpenc@prehook=\toks32
\inpenc@posthook=\toks33

(/usr/local/texlive/2016/texmf-dist/tex/latex/ucs/utf8x.def
File: utf8x.def 2004/10/17 UCS: Input encoding UTF-8
))
(/usr/local/texlive/2016/texmf-dist/tex/latex/graphics/lscape.sty
Package: lscape 2000/10/22 v3.01 Landscape Pages (DPC)
)
(/usr/local/texlive/2016/texmf-dist/tex/latex/hyphenat/hyphenat.sty
Package: hyphenat 2009/09/02 v2.3c hyphenation utilities
\langwohyphens=\language83
LaTeX Info: Redefining \_ on input line 43.
))
(./Structure/silben.tex)
(/usr/local/texlive/2016/texmf-dist/tex/latex/oberdiek/epstopdf.sty
Package: epstopdf 2016/05/15 v2.6 Conversion with epstopdf on the fly (HO)

(/usr/local/texlive/2016/texmf-dist/tex/latex/oberdiek/epstopdf-base.sty
Package: epstopdf-base 2016/05/15 v2.6 Base part for package epstopdf

(/usr/local/texlive/2016/texmf-dist/tex/latex/oberdiek/grfext.sty
Package: grfext 2016/05/16 v1.2 Manage graphics extensions (HO)
)
Package grfext Info: Graphics extension search list:
(grfext)             [.png,.pdf,.jpg,.mps,.jpeg,.jbig2,.jb2,.PNG,.PDF,.JPG,.JPE
G,.JBIG2,.JB2,.eps]
(grfext)             \AppendGraphicsExtensions on input line 456.

(/usr/local/texlive/2016/texmf-dist/tex/latex/latexconfig/epstopdf-sys.cfg
File: epstopdf-sys.cfg 2010/07/13 v1.3 Configuration of (r)epstopdf for TeX Liv
e
)))
(/usr/local/texlive/2016/texmf-dist/tex/latex/acronym/acronym.sty
Package: acronym 2015/03/21 v1.41 Support for acronyms (Tobias Oetiker)

(/usr/local/texlive/2016/texmf-dist/tex/latex/bigfoot/suffix.sty
Package: suffix 2006/07/15 1.5a Variant command support
)
(/usr/local/texlive/2016/texmf-dist/tex/generic/xstring/xstring.sty
(/usr/local/texlive/2016/texmf-dist/tex/generic/xstring/xstring.tex
\@xs@message=\write3
\integerpart=\count141
\decimalpart=\count142
)
Package: xstring 2013/10/13  v1.7c  String manipulations (C Tellechea)
)
\AC@clearlist=\toks34
)
(/usr/local/texlive/2016/texmf-dist/tex/latex/tools/indentfirst.sty
Package: indentfirst 1995/11/23 v1.03 Indent first paragraph (DPC)
)
(/usr/local/texlive/2016/texmf-dist/tex/latex/tools/tabularx.sty
Package: tabularx 2016/02/03 v2.11 `tabularx' package (DPC)
\TX@col@width=\dimen146
\TX@old@table=\dimen147
\TX@old@col=\dimen148
\TX@target=\dimen149
\TX@delta=\dimen150
\TX@cols=\count143
\TX@ftn=\toks35
)
(./MasterThesisAT.aux (./Cover/coversheet.aux) (./Structure/acknowledgement.aux
) (./Structure/abstract.aux) (./Structure/ee.aux))
\openout1 = `MasterThesisAT.aux'.

LaTeX Font Info:    Checking defaults for OML/cmm/m/it on input line 17.
LaTeX Font Info:    ... okay on input line 17.
LaTeX Font Info:    Checking defaults for T1/cmr/m/n on input line 17.
LaTeX Font Info:    ... okay on input line 17.
LaTeX Font Info:    Checking defaults for OT1/cmr/m/n on input line 17.
LaTeX Font Info:    ... okay on input line 17.
LaTeX Font Info:    Checking defaults for OMS/cmsy/m/n on input line 17.
LaTeX Font Info:    ... okay on input line 17.
LaTeX Font Info:    Checking defaults for OMX/cmex/m/n on input line 17.
LaTeX Font Info:    ... okay on input line 17.
LaTeX Font Info:    Checking defaults for U/cmr/m/n on input line 17.
LaTeX Font Info:    ... okay on input line 17.
LaTeX Font Info:    Checking defaults for PD1/pdf/m/n on input line 17.
LaTeX Font Info:    ... okay on input line 17.

(/usr/local/texlive/2016/texmf-dist/tex/context/base/mkii/supp-pdf.mkii
[Loading MPS to PDF converter (version 2006.09.02).]
\scratchcounter=\count144
\scratchdimen=\dimen151
\scratchbox=\box38
\nofMPsegments=\count145
\nofMParguments=\count146
\everyMPshowfont=\toks36
\MPscratchCnt=\count147
\MPscratchDim=\dimen152
\MPnumerator=\count148
\makeMPintoPDFobject=\count149
\everyMPtoPDFconversion=\toks37
)
\AtBeginShipoutBox=\box39
 (/usr/local/texlive/2016/texmf-dist/tex/latex/oberdiek/pdflscape.sty
Package: pdflscape 2016/05/14 v0.11 Display of landscape pages in PDF (HO)
)
Package hyperref Info: Link coloring ON on input line 17.

(/usr/local/texlive/2016/texmf-dist/tex/latex/hyperref/nameref.sty
Package: nameref 2012/10/27 v2.43 Cross-referencing by name of section

(/usr/local/texlive/2016/texmf-dist/tex/generic/oberdiek/gettitlestring.sty
Package: gettitlestring 2016/05/16 v1.5 Cleanup title references (HO)
)
\c@section@level=\count150
)
LaTeX Info: Redefining \ref on input line 17.
LaTeX Info: Redefining \pageref on input line 17.
LaTeX Info: Redefining \nameref on input line 17.

(./MasterThesisAT.out) (./MasterThesisAT.out)
\@outlinefile=\write4
\openout4 = `MasterThesisAT.out'.

\c@lstlisting=\count151

(/usr/local/texlive/2016/texmf-dist/tex/latex/ucs/ucsencs.def
File: ucsencs.def 2011/01/21 Fixes to fontencodings LGR, T3
)
\openout2 = `Cover/coversheet.aux'.


(./Cover/coversheet.tex
LaTeX Font Info:    Try loading font information for T1+aess on input line 119.


(/usr/local/texlive/2016/texmf-dist/tex/latex/ae/t1aess.fd
File: t1aess.fd 1997/11/16 Font definitions for T1/aess.
)
<jku_en.pdf, id=148, 475.7775pt x 228.855pt>
File: jku_en.pdf Graphic file (type pdf)
 <use jku_en.pdf>
Package pdftex.def Info: jku_en.pdf used on input line 122.
(pdftex.def)             Requested size: 147.95424pt x 71.1678pt.

(/usr/local/texlive/2016/texmf-dist/tex/latex/ucs/data/uni-0.def
File: uni-0.def 2013/05/13 UCS: Unicode data U+0000..U+00FF
)
<arr.pdf, id=149, 441.65pt x 396.48125pt>
File: arr.pdf Graphic file (type pdf)
 <use arr.pdf>
Package pdftex.def Info: arr.pdf used on input line 201.
(pdftex.def)             Requested size: 125.19194pt x 112.38728pt.
)
Overfull \hbox (85.54576pt too wide) in paragraph at lines 223--22
[][] 
 []

LaTeX Font Info:    Try loading font information for U+msa on input line 22.
(/usr/local/texlive/2016/texmf-dist/tex/latex/amsfonts/umsa.fd
File: umsa.fd 2013/01/14 v3.01 AMS symbols A
)
LaTeX Font Info:    Try loading font information for U+msb on input line 22.

(/usr/local/texlive/2016/texmf-dist/tex/latex/amsfonts/umsb.fd
File: umsb.fd 2013/01/14 v3.01 AMS symbols B
) [1{/usr/local/texlive/2016/texmf-var/fonts/map/pdftex/updmap/pdftex.map}


 <./jku_en.pdf> <./arr.pdf>]
\openout2 = `Structure/acknowledgement.aux'.

 (./Structure/acknowledgement.tex) [1



]
\openout2 = `Structure/abstract.aux'.

 (./Structure/abstract.tex)
[2



] (./Structure/verzeichnisse.tex (./MasterThesisAT.toc [3


])
\tf@toc=\write5
\openout5 = `MasterThesisAT.toc'.

 [4]
(./MasterThesisAT.lof)
\tf@lof=\write6
\openout6 = `MasterThesisAT.lof'.

) [5

] (./chapter_one.tex
chapter 1.

Class scrreprt Warning: \float@addtolists detected!
(scrreprt)              Implementation of \float@addtolist became
(scrreprt)              deprecated in KOMA-Script v3.01 2008/11/14 and
(scrreprt)              has been replaced by several more flexible
(scrreprt)              features of package `tocbasic`.
(scrreprt)              Since Version 3.12 support for deprecated
(scrreprt)              \float@addtolist interface has been
(scrreprt)              restricted to only some of the KOMA-Script
(scrreprt)              features and been removed from others.
(scrreprt)              Loading of package `scrhack' may help to
(scrreprt)              avoid this warning, if you are using a
(scrreprt)              a package that still implements the
(scrreprt)              deprecated \float@addtolist interface .

LaTeX Font Info:    Font shape `T1/aess/m/it' in size <10.95> not available
(Font)              Font shape `T1/aess/m/sl' tried instead on input line 7.

Underfull \hbox (badness 10000) in paragraph at lines 6--14

 []

[1

]
Underfull \hbox (badness 10000) in paragraph at lines 16--17

 []


Underfull \hbox (badness 10000) in paragraph at lines 21--22

 []


Underfull \hbox (badness 10000) in paragraph at lines 26--27

 []

[2]) (./chapter_two.tex [3]
chapter 2.
[4

] <Images/decisionSuppotProcess.png, id=267, 769.87625pt x 528.97626pt>
File: Images/decisionSuppotProcess.png Graphic file (type png)

<use Images/decisionSuppotProcess.png>
Package pdftex.def Info: Images/decisionSuppotProcess.png used on input line 26
.
(pdftex.def)             Requested size: 307.94504pt x 211.58675pt.
 [5] [6 <./Images/decisionSuppotProcess.png>] [7] [8] [9]
Underfull \hbox (badness 10000) in paragraph at lines 100--101

 []

) (./chapter_three.tex [10]
chapter 3.
) (./chapter_four.tex [11

]
chapter 4.
) (./chapter_five.tex [12

]
chapter 5.
) (./chapter_six.tex [13

]
chapter 6.
) (./chapter_seven.tex [14

]
chapter 7.
) (./Structure/abkuerzungen.tex [15

]) (./Structure/bibliographie.tex
(./MasterThesisAT.bbl [16

]
chapter without number

Class scrreprt Warning: deprecated old font command `\sc' used.
(scrreprt)              You should note, that since 1994 LaTeX2e provides a
(scrreprt)              new font selection scheme called NFSS2 with several
(scrreprt)              new, combinable font commands. New KOMA-Script classes
(scrreprt)              have defined the old font commands like `\sc' only for
(scrreprt)              compatibility with LaTeX 2.09 document styles of
(scrreprt)              Script 2.0. These commands are deprecated and
(scrreprt)              undocumented at least since 2003. Since 2013,
(scrreprt)              KOMA-Script classes warn about soon removement of
(scrreprt)              these deprecated commands. Now, after two decades of
(scrreprt)              LaTeX2e, NFSS2, and KOMA-Script these commands will
(scrreprt)              not work any longer. If loading a package results in
(scrreprt)              this message you should contact the author of that
(scrreprt)              package and ask him to replace the depracted font
(scrreprt)              command `\sc', e.g., by `\normalfont \scshape '.
(scrreprt)              Otherwise you should reconfigure or replace the
(scrreprt)              package. If you have used the old font command
(scrreprt)              `\sc' yourself you should replace it, e.g., by
(scrreprt)              `\normalfont \scshape ' on input line 9.


Class scrreprt Warning: deprecated old font command `\sc' used.
(scrreprt)              You should note, that since 1994 LaTeX2e provides a
(scrreprt)              new font selection scheme called NFSS2 with several
(scrreprt)              new, combinable font commands. New KOMA-Script classes
(scrreprt)              have defined the old font commands like `\sc' only for
(scrreprt)              compatibility with LaTeX 2.09 document styles of
(scrreprt)              Script 2.0. These commands are deprecated and
(scrreprt)              undocumented at least since 2003. Since 2013,
(scrreprt)              KOMA-Script classes warn about soon removement of
(scrreprt)              these deprecated commands. Now, after two decades of
(scrreprt)              LaTeX2e, NFSS2, and KOMA-Script these commands will
(scrreprt)              not work any longer. If loading a package results in
(scrreprt)              this message you should contact the author of that
(scrreprt)              package and ask him to replace the depracted font
(scrreprt)              command `\sc', e.g., by `\normalfont \scshape '.
(scrreprt)              Otherwise you should reconfigure or replace the
(scrreprt)              package. If you have used the old font command
(scrreprt)              `\sc' yourself you should replace it, e.g., by
(scrreprt)              `\normalfont \scshape ' on input line 14.


Class scrreprt Warning: deprecated old font command `\sc' used.
(scrreprt)              You should note, that since 1994 LaTeX2e provides a
(scrreprt)              new font selection scheme called NFSS2 with several
(scrreprt)              new, combinable font commands. New KOMA-Script classes
(scrreprt)              have defined the old font commands like `\sc' only for
(scrreprt)              compatibility with LaTeX 2.09 document styles of
(scrreprt)              Script 2.0. These commands are deprecated and
(scrreprt)              undocumented at least since 2003. Since 2013,
(scrreprt)              KOMA-Script classes warn about soon removement of
(scrreprt)              these deprecated commands. Now, after two decades of
(scrreprt)              LaTeX2e, NFSS2, and KOMA-Script these commands will
(scrreprt)              not work any longer. If loading a package results in
(scrreprt)              this message you should contact the author of that
(scrreprt)              package and ask him to replace the depracted font
(scrreprt)              command `\sc', e.g., by `\normalfont \scshape '.
(scrreprt)              Otherwise you should reconfigure or replace the
(scrreprt)              package. If you have used the old font command
(scrreprt)              `\sc' yourself you should replace it, e.g., by
(scrreprt)              `\normalfont \scshape ' on input line 20.


Class scrreprt Warning: deprecated old font command `\sc' used.
(scrreprt)              You should note, that since 1994 LaTeX2e provides a
(scrreprt)              new font selection scheme called NFSS2 with several
(scrreprt)              new, combinable font commands. New KOMA-Script classes
(scrreprt)              have defined the old font commands like `\sc' only for
(scrreprt)              compatibility with LaTeX 2.09 document styles of
(scrreprt)              Script 2.0. These commands are deprecated and
(scrreprt)              undocumented at least since 2003. Since 2013,
(scrreprt)              KOMA-Script classes warn about soon removement of
(scrreprt)              these deprecated commands. Now, after two decades of
(scrreprt)              LaTeX2e, NFSS2, and KOMA-Script these commands will
(scrreprt)              not work any longer. If loading a package results in
(scrreprt)              this message you should contact the author of that
(scrreprt)              package and ask him to replace the depracted font
(scrreprt)              command `\sc', e.g., by `\normalfont \scshape '.
(scrreprt)              Otherwise you should reconfigure or replace the
(scrreprt)              package. If you have used the old font command
(scrreprt)              `\sc' yourself you should replace it, e.g., by
(scrreprt)              `\normalfont \scshape ' on input line 25.


Class scrreprt Warning: deprecated old font command `\sc' used.
(scrreprt)              You should note, that since 1994 LaTeX2e provides a
(scrreprt)              new font selection scheme called NFSS2 with several
(scrreprt)              new, combinable font commands. New KOMA-Script classes
(scrreprt)              have defined the old font commands like `\sc' only for
(scrreprt)              compatibility with LaTeX 2.09 document styles of
(scrreprt)              Script 2.0. These commands are deprecated and
(scrreprt)              undocumented at least since 2003. Since 2013,
(scrreprt)              KOMA-Script classes warn about soon removement of
(scrreprt)              these deprecated commands. Now, after two decades of
(scrreprt)              LaTeX2e, NFSS2, and KOMA-Script these commands will
(scrreprt)              not work any longer. If loading a package results in
(scrreprt)              this message you should contact the author of that
(scrreprt)              package and ask him to replace the depracted font
(scrreprt)              command `\sc', e.g., by `\normalfont \scshape '.
(scrreprt)              Otherwise you should reconfigure or replace the
(scrreprt)              package. If you have used the old font command
(scrreprt)              `\sc' yourself you should replace it, e.g., by
(scrreprt)              `\normalfont \scshape ' on input line 31.


Class scrreprt Warning: deprecated old font command `\sc' used.
(scrreprt)              You should note, that since 1994 LaTeX2e provides a
(scrreprt)              new font selection scheme called NFSS2 with several
(scrreprt)              new, combinable font commands. New KOMA-Script classes
(scrreprt)              have defined the old font commands like `\sc' only for
(scrreprt)              compatibility with LaTeX 2.09 document styles of
(scrreprt)              Script 2.0. These commands are deprecated and
(scrreprt)              undocumented at least since 2003. Since 2013,
(scrreprt)              KOMA-Script classes warn about soon removement of
(scrreprt)              these deprecated commands. Now, after two decades of
(scrreprt)              LaTeX2e, NFSS2, and KOMA-Script these commands will
(scrreprt)              not work any longer. If loading a package results in
(scrreprt)              this message you should contact the author of that
(scrreprt)              package and ask him to replace the depracted font
(scrreprt)              command `\sc', e.g., by `\normalfont \scshape '.
(scrreprt)              Otherwise you should reconfigure or replace the
(scrreprt)              package. If you have used the old font command
(scrreprt)              `\sc' yourself you should replace it, e.g., by
(scrreprt)              `\normalfont \scshape ' on input line 38.


Class scrreprt Warning: deprecated old font command `\sc' used.
(scrreprt)              You should note, that since 1994 LaTeX2e provides a
(scrreprt)              new font selection scheme called NFSS2 with several
(scrreprt)              new, combinable font commands. New KOMA-Script classes
(scrreprt)              have defined the old font commands like `\sc' only for
(scrreprt)              compatibility with LaTeX 2.09 document styles of
(scrreprt)              Script 2.0. These commands are deprecated and
(scrreprt)              undocumented at least since 2003. Since 2013,
(scrreprt)              KOMA-Script classes warn about soon removement of
(scrreprt)              these deprecated commands. Now, after two decades of
(scrreprt)              LaTeX2e, NFSS2, and KOMA-Script these commands will
(scrreprt)              not work any longer. If loading a package results in
(scrreprt)              this message you should contact the author of that
(scrreprt)              package and ask him to replace the depracted font
(scrreprt)              command `\sc', e.g., by `\normalfont \scshape '.
(scrreprt)              Otherwise you should reconfigure or replace the
(scrreprt)              package. If you have used the old font command
(scrreprt)              `\sc' yourself you should replace it, e.g., by
(scrreprt)              `\normalfont \scshape ' on input line 44.


Class scrreprt Warning: deprecated old font command `\sc' used.
(scrreprt)              You should note, that since 1994 LaTeX2e provides a
(scrreprt)              new font selection scheme called NFSS2 with several
(scrreprt)              new, combinable font commands. New KOMA-Script classes
(scrreprt)              have defined the old font commands like `\sc' only for
(scrreprt)              compatibility with LaTeX 2.09 document styles of
(scrreprt)              Script 2.0. These commands are deprecated and
(scrreprt)              undocumented at least since 2003. Since 2013,
(scrreprt)              KOMA-Script classes warn about soon removement of
(scrreprt)              these deprecated commands. Now, after two decades of
(scrreprt)              LaTeX2e, NFSS2, and KOMA-Script these commands will
(scrreprt)              not work any longer. If loading a package results in
(scrreprt)              this message you should contact the author of that
(scrreprt)              package and ask him to replace the depracted font
(scrreprt)              command `\sc', e.g., by `\normalfont \scshape '.
(scrreprt)              Otherwise you should reconfigure or replace the
(scrreprt)              package. If you have used the old font command
(scrreprt)              `\sc' yourself you should replace it, e.g., by
(scrreprt)              `\normalfont \scshape ' on input line 49.


Class scrreprt Warning: deprecated old font command `\sc' used.
(scrreprt)              You should note, that since 1994 LaTeX2e provides a
(scrreprt)              new font selection scheme called NFSS2 with several
(scrreprt)              new, combinable font commands. New KOMA-Script classes
(scrreprt)              have defined the old font commands like `\sc' only for
(scrreprt)              compatibility with LaTeX 2.09 document styles of
(scrreprt)              Script 2.0. These commands are deprecated and
(scrreprt)              undocumented at least since 2003. Since 2013,
(scrreprt)              KOMA-Script classes warn about soon removement of
(scrreprt)              these deprecated commands. Now, after two decades of
(scrreprt)              LaTeX2e, NFSS2, and KOMA-Script these commands will
(scrreprt)              not work any longer. If loading a package results in
(scrreprt)              this message you should contact the author of that
(scrreprt)              package and ask him to replace the depracted font
(scrreprt)              command `\sc', e.g., by `\normalfont \scshape '.
(scrreprt)              Otherwise you should reconfigure or replace the
(scrreprt)              package. If you have used the old font command
(scrreprt)              `\sc' yourself you should replace it, e.g., by
(scrreprt)              `\normalfont \scshape ' on input line 53.


Class scrreprt Warning: deprecated old font command `\sc' used.
(scrreprt)              You should note, that since 1994 LaTeX2e provides a
(scrreprt)              new font selection scheme called NFSS2 with several
(scrreprt)              new, combinable font commands. New KOMA-Script classes
(scrreprt)              have defined the old font commands like `\sc' only for
(scrreprt)              compatibility with LaTeX 2.09 document styles of
(scrreprt)              Script 2.0. These commands are deprecated and
(scrreprt)              undocumented at least since 2003. Since 2013,
(scrreprt)              KOMA-Script classes warn about soon removement of
(scrreprt)              these deprecated commands. Now, after two decades of
(scrreprt)              LaTeX2e, NFSS2, and KOMA-Script these commands will
(scrreprt)              not work any longer. If loading a package results in
(scrreprt)              this message you should contact the author of that
(scrreprt)              package and ask him to replace the depracted font
(scrreprt)              command `\sc', e.g., by `\normalfont \scshape '.
(scrreprt)              Otherwise you should reconfigure or replace the
(scrreprt)              package. If you have used the old font command
(scrreprt)              `\sc' yourself you should replace it, e.g., by
(scrreprt)              `\normalfont \scshape ' on input line 58.

)) <cv/NadaOssama-CV.pdf, id=355, 596.2275pt x 844.15375pt>
File: cv/NadaOssama-CV.pdf Graphic file (type pdf)

<use cv/NadaOssama-CV.pdf>
Package pdftex.def Info: cv/NadaOssama-CV.pdf used on input line 50.
(pdftex.def)             Requested size: 596.22604pt x 844.15169pt.
File: cv/NadaOssama-CV.pdf Graphic file (type pdf)
 <use cv/NadaOssama-CV.pdf>
Package pdftex.def Info: cv/NadaOssama-CV.pdf used on input line 50.
(pdftex.def)             Requested size: 596.22604pt x 844.15169pt.

<cv/NadaOssama-CV.pdf, id=358, page=1, 596.2275pt x 844.15375pt>
File: cv/NadaOssama-CV.pdf Graphic file (type pdf)

<use cv/NadaOssama-CV.pdf, page 1>
Package pdftex.def Info: cv/NadaOssama-CV.pdf, page1 used on input line 50.
(pdftex.def)             Requested size: 475.16093pt x 672.74777pt.
File: cv/NadaOssama-CV.pdf Graphic file (type pdf)
 <use cv/NadaOssama-CV.pdf, page 1>
Package pdftex.def Info: cv/NadaOssama-CV.pdf, page1 used on input line 50.
(pdftex.def)             Requested size: 749.7586pt x 1061.52692pt.
 [17

]
File: cv/NadaOssama-CV.pdf Graphic file (type pdf)

<use cv/NadaOssama-CV.pdf, page 1>
Package pdftex.def Info: cv/NadaOssama-CV.pdf, page1 used on input line 50.
(pdftex.def)             Requested size: 749.7586pt x 1061.52692pt.
File: cv/NadaOssama-CV.pdf Graphic file (type pdf)
 <use cv/NadaOssama-CV.pdf, page 1>
Package pdftex.def Info: cv/NadaOssama-CV.pdf, page1 used on input line 50.
(pdftex.def)             Requested size: 749.7586pt x 1061.52692pt.
File: cv/NadaOssama-CV.pdf Graphic file (type pdf)

<use cv/NadaOssama-CV.pdf, page 1>
Package pdftex.def Info: cv/NadaOssama-CV.pdf, page1 used on input line 50.
(pdftex.def)             Requested size: 749.7586pt x 1061.52692pt.
 [18 <./cv/NadaOssama-CV.pdf

pdfTeX warning: pdflatex (file ./cv/NadaOssama-CV.pdf): PDF inclusion: invalid 
other resource which is no dict (key 'ProcSets', type <array>); ignored.
>] <cv/NadaOssama-CV.pdf, id=402, page=2, 596.2275pt x 844.15375pt>
File: cv/NadaOssama-CV.pdf Graphic file (type pdf)

<use cv/NadaOssama-CV.pdf, page 2>
Package pdftex.def Info: cv/NadaOssama-CV.pdf, page2 used on input line 50.
(pdftex.def)             Requested size: 749.7586pt x 1061.52692pt.
File: cv/NadaOssama-CV.pdf Graphic file (type pdf)
 <use cv/NadaOssama-CV.pdf, page 2>
Package pdftex.def Info: cv/NadaOssama-CV.pdf, page2 used on input line 50.
(pdftex.def)             Requested size: 749.7586pt x 1061.52692pt.
File: cv/NadaOssama-CV.pdf Graphic file (type pdf)

<use cv/NadaOssama-CV.pdf, page 2>
Package pdftex.def Info: cv/NadaOssama-CV.pdf, page2 used on input line 50.
(pdftex.def)             Requested size: 749.7586pt x 1061.52692pt.
 [19 <./cv/NadaOssama-CV.pdf

pdfTeX warning: pdflatex (file ./cv/NadaOssama-CV.pdf): PDF inclusion: invalid 
other resource which is no dict (key 'ProcSets', type <array>); ignored.
>]
\openout2 = `Structure/ee.aux'.

 (./Structure/ee.tex) [20


]
Package atveryend Info: Empty hook `BeforeClearDocument' on input line 58.
Package atveryend Info: Empty hook `AfterLastShipout' on input line 58.
 (./MasterThesisAT.aux (./Cover/coversheet.aux)
(./Structure/acknowledgement.aux) (./Structure/abstract.aux)
(./Structure/ee.aux))
Package atveryend Info: Executing hook `AtVeryEndDocument' on input line 58.
Package atveryend Info: Executing hook `AtEndAfterFileList' on input line 58.
Package rerunfilecheck Info: File `MasterThesisAT.out' has not changed.
(rerunfilecheck)             Checksum: 91F3E2E50EED95F3AE68B5D375A26E76;2398.
Package atveryend Info: Empty hook `AtVeryVeryEnd' on input line 58.
 ) 
Here is how much of TeX's memory you used:
 13617 strings out of 493014
 209389 string characters out of 6133352
 401288 words of memory out of 5000000
 16690 multiletter control sequences out of 15000+600000
 47493 words of font info for 96 fonts, out of 8000000 for 9000
 1142 hyphenation exceptions out of 8191
 45i,18n,66p,8565b,653s stack positions out of 5000i,500n,10000p,200000b,80000s
</usr/local/texlive/2016/texmf-dist/fonts/type1/public/amsfonts/cm/cmbx10.pfb
></usr/local/texlive/2016/texmf-dist/fonts/type1/public/amsfonts/cm/cmbx12.pfb>
</usr/local/texlive/2016/texmf-dist/fonts/type1/public/amsfonts/cm/cmcsc10.pfb>
</usr/local/texlive/2016/texmf-dist/fonts/type1/public/amsfonts/cm/cmr10.pfb></
usr/local/texlive/2016/texmf-dist/fonts/type1/public/amsfonts/cm/cmsl10.pfb></u
sr/local/texlive/2016/texmf-dist/fonts/type1/public/amsfonts/cm/cmss10.pfb></us
r/local/texlive/2016/texmf-dist/fonts/type1/public/amsfonts/cm/cmss12.pfb></usr
/local/texlive/2016/texmf-dist/fonts/type1/public/amsfonts/cm/cmss9.pfb></usr/l
ocal/texlive/2016/texmf-dist/fonts/type1/public/amsfonts/cm/cmssbx10.pfb></usr/
local/texlive/2016/texmf-dist/fonts/type1/public/amsfonts/cm/cmssi10.pfb></usr/
local/texlive/2016/texmf-dist/fonts/type1/public/amsfonts/cm/cmsy10.pfb>
Output written on MasterThesisAT.pdf (26 pages, 374767 bytes).
PDF statistics:
 481 PDF objects out of 1000 (max. 8388607)
 410 compressed objects within 5 object streams
 82 named destinations out of 1000 (max. 500000)
 329 words of extra memory for PDF output out of 10000 (max. 10000000)

