\BOOKMARK [0][-]{chapter.5}{1 Introduction}{}% 1
\BOOKMARK [1][-]{section.6}{1.1 Reading Instructions}{chapter.5}% 2
\BOOKMARK [1][-]{section.7}{1.2 Foreword}{chapter.5}% 3
\BOOKMARK [2][-]{subsection.8}{1.2.1 Motivation}{section.7}% 4
\BOOKMARK [1][-]{section.9}{1.3 Problem Statement}{chapter.5}% 5
\BOOKMARK [1][-]{section.10}{1.4 Goal and Approach}{chapter.5}% 6
\BOOKMARK [1][-]{section.11}{1.5 Original Contribution}{chapter.5}% 7
\BOOKMARK [1][-]{section.12}{1.6 Outline of the Thesis}{chapter.5}% 8
\BOOKMARK [0][-]{chapter.13}{2 Decision Support Systems}{}% 9
\BOOKMARK [1][-]{section.14}{2.1 History of Decision support systems}{chapter.13}% 10
\BOOKMARK [1][-]{section.15}{2.2 Concept of DSS}{chapter.13}% 11
\BOOKMARK [1][-]{section.18}{2.3 Types of DSS}{chapter.13}% 12
\BOOKMARK [2][-]{subsection.19}{2.3.1 Communication-driven DSS}{section.18}% 13
\BOOKMARK [2][-]{subsection.20}{2.3.2 Data-driven DSS}{section.18}% 14
\BOOKMARK [2][-]{subsection.21}{2.3.3 Document-driven DSS}{section.18}% 15
\BOOKMARK [2][-]{subsection.22}{2.3.4 Knowledge-driven DSS}{section.18}% 16
\BOOKMARK [2][-]{subsection.23}{2.3.5 Model-driven DSS}{section.18}% 17
\BOOKMARK [1][-]{section.24}{2.4 Tools to Develop DSS}{chapter.13}% 18
\BOOKMARK [2][-]{subsection.25}{2.4.1 Data Warehouse Systems}{section.24}% 19
\BOOKMARK [2][-]{subsection.26}{2.4.2 On-line Analytical Processing}{section.24}% 20
\BOOKMARK [2][-]{subsection.27}{2.4.3 Data Mining}{section.24}% 21
\BOOKMARK [2][-]{subsection.28}{2.4.4 Web-based DSS}{section.24}% 22
\BOOKMARK [1][-]{section.31}{2.5 DSS Design}{chapter.13}% 23
\BOOKMARK [2][-]{subsection.32}{2.5.1 Analyzing Business Decision Making Process}{section.31}% 24
\BOOKMARK [2][-]{subsection.33}{2.5.2 Decision Making Process}{section.31}% 25
\BOOKMARK [1][-]{section.34}{2.6 Decision Support Implementation and Development}{chapter.13}% 26
\BOOKMARK [2][-]{subsection.35}{2.6.1 Choosing a System Development Approach}{section.34}% 27
\BOOKMARK [2][-]{subsection.42}{2.6.2 Designing User Interface}{section.34}% 28
\BOOKMARK [3][-]{subsubsection.43}{2.6.2.1 ROMC Design Approach}{subsection.42}% 29
\BOOKMARK [3][-]{subsubsection.44}{2.6.2.2 UI design success Factors}{subsection.42}% 30
\BOOKMARK [1][-]{section.45}{2.7 Decision Support Architecture}{chapter.13}% 31
\BOOKMARK [1][-]{section.46}{2.8 Decision Support Networking and Security}{chapter.13}% 32
\BOOKMARK [2][-]{subsection.47}{2.8.1 Security}{section.46}% 33
\BOOKMARK [1][-]{section.48}{2.9 Evaluation and Impact}{chapter.13}% 34
\BOOKMARK [0][-]{chapter.51}{3 Connect Hydro Project}{}% 35
\BOOKMARK [1][-]{section.52}{3.1 Small Hydro Power Plants}{chapter.51}% 36
\BOOKMARK [2][-]{subsection.57}{3.1.1 Advantages of Small Hydro Power Plants}{section.52}% 37
\BOOKMARK [2][-]{subsection.58}{3.1.2 Disadvantages of Small Hydro Power Plants}{section.52}% 38
\BOOKMARK [2][-]{subsection.59}{3.1.3 Small Hydro Power Plants Types}{section.52}% 39
\BOOKMARK [1][-]{section.62}{3.2 Control Strategies}{chapter.51}% 40
\BOOKMARK [2][-]{subsection.63}{3.2.1 Local Control Strategy}{section.62}% 41
\BOOKMARK [2][-]{subsection.64}{3.2.2 Cooperative Control Strategy}{section.62}% 42
\BOOKMARK [2][-]{subsection.65}{3.2.3 Centralized Control Strategy}{section.62}% 43
\BOOKMARK [1][-]{section.66}{3.3 Connect Hydro Problem}{chapter.51}% 44
\BOOKMARK [2][-]{subsection.67}{3.3.1 Technical \046 Financial Aspects}{section.66}% 45
\BOOKMARK [2][-]{subsection.68}{3.3.2 Proposed Concept}{section.66}% 46
\BOOKMARK [1][-]{section.69}{3.4 Proposed Implementation}{chapter.51}% 47
\BOOKMARK [2][-]{subsection.70}{3.4.1 Technical Level}{section.69}% 48
\BOOKMARK [3][-]{subsubsection.71}{3.4.1.1 Implementing a control system with external logic}{subsection.70}% 49
\BOOKMARK [3][-]{subsubsection.72}{3.4.1.2 Components of the central server}{subsection.70}% 50
\BOOKMARK [3][-]{subsubsection.73}{3.4.1.3 Components of the networking unit}{subsection.70}% 51
\BOOKMARK [3][-]{subsubsection.74}{3.4.1.4 Central server tasks}{subsection.70}% 52
\BOOKMARK [2][-]{subsection.75}{3.4.2 Software Level}{section.69}% 53
\BOOKMARK [0][-]{chapter.78}{4 Decision Support in Connect Hydro}{}% 54
\BOOKMARK [1][-]{section.79}{4.1 Connect Hydro DSS Type}{chapter.78}% 55
\BOOKMARK [1][-]{section.80}{4.2 Connect Hydro Event Matrix}{chapter.78}% 56
\BOOKMARK [1][-]{section.85}{4.3 Connect Hydro DSS Design \046 Implementation}{chapter.78}% 57
\BOOKMARK [1][-]{section.86}{4.4 Visualization for Connect Hydro}{chapter.78}% 58
\BOOKMARK [0][-]{chapter.91}{5 System Architecture and Details}{}% 59
\BOOKMARK [1][-]{section.92}{5.1 Frameworks and Technologies}{chapter.91}% 60
\BOOKMARK [2][-]{subsection.93}{5.1.1 Web Development}{section.92}% 61
\BOOKMARK [2][-]{subsection.94}{5.1.2 Front-End Technologies}{section.92}% 62
\BOOKMARK [3][-]{subsubsection.95}{5.1.2.1 Asynchronous Javascript And Xml}{subsection.94}% 63
\BOOKMARK [3][-]{subsubsection.96}{5.1.2.2 Bootstrap}{subsection.94}% 64
\BOOKMARK [2][-]{subsection.97}{5.1.3 Back-End Technologies}{section.92}% 65
\BOOKMARK [3][-]{subsubsection.98}{5.1.3.1 Spring}{subsection.97}% 66
\BOOKMARK [3][-]{subsubsection.99}{5.1.3.2 MySQL Database}{subsection.97}% 67
\BOOKMARK [1][-]{section.100}{5.2 Database Design and Implementation}{chapter.91}% 68
\BOOKMARK [1][-]{section.101}{5.3 Web Portal}{chapter.91}% 69
\BOOKMARK [1][-]{section.102}{5.4 Data Visualization}{chapter.91}% 70
\BOOKMARK [1][-]{section.103}{5.5 Decision Support}{chapter.91}% 71
\BOOKMARK [0][-]{chapter.104}{6 Evaluation}{}% 72
\BOOKMARK [0][-]{chapter.105}{7 Conclusion}{}% 73
\BOOKMARK [1][-]{section.106}{7.1 Summary}{chapter.105}% 74
\BOOKMARK [1][-]{section.107}{7.2 Lessons Learned}{chapter.105}% 75
\BOOKMARK [1][-]{section.108}{7.3 Future Research}{chapter.105}% 76
\BOOKMARK [2][-]{subsection.109}{7.3.1 Machine Learning}{section.108}% 77
\BOOKMARK [2][-]{subsection.110}{7.3.2 No-SQL Database}{section.108}% 78
\BOOKMARK [0][-]{chapter*.112}{Bibliography}{}% 79
